<?xml version="1.0" encoding="UTF-8"?>
<!-- Generated by org.testng.reporters.JUnitXMLReporter -->
<testsuite hostname="Pauus-PC" ignored="0" tests="4" failures="0" timestamp="29 Dec 2018 19:54:11 GMT" time="0.043" errors="0">
  <testcase name="A" time="0.01" classname="FirstMavenTestCase"/>
  <testcase name="B" time="0.002" classname="FirstMavenTestCase"/>
  <testcase name="C" time="0.002" classname="FirstMavenTestCase"/>
  <testcase name="D" time="0.001" classname="FirstMavenTestCase"/>
</testsuite>
