<?xml version="1.0" encoding="UTF-8"?>
<!-- Generated by org.testng.reporters.JUnitXMLReporter -->
<testsuite hostname="Pauus-PC" ignored="0" name="Test" tests="8" failures="0" timestamp="29 Dec 2018 20:12:07 GMT" time="0.058" errors="0">
  <testcase name="A" time="0.011" classname="com.learnmaven.test.FirstMavenTestCase"/>
  <testcase name="B" time="0.002" classname="com.learnmaven.test.FirstMavenTestCase"/>
  <testcase name="C" time="0.002" classname="com.learnmaven.test.FirstMavenTestCase"/>
  <testcase name="D" time="0.001" classname="com.learnmaven.test.FirstMavenTestCase"/>
  <testcase name="E" time="0.001" classname="com.learnmaven.test.SecondMavenTestCase"/>
  <testcase name="F" time="0.002" classname="com.learnmaven.test.SecondMavenTestCase"/>
  <testcase name="G" time="0.002" classname="com.learnmaven.test.SecondMavenTestCase"/>
  <testcase name="H" time="0.001" classname="com.learnmaven.test.SecondMavenTestCase"/>
</testsuite> <!-- Test -->
