<?xml version="1.0" encoding="UTF-8"?>
<!-- Generated by org.testng.reporters.JUnitXMLReporter -->
<testsuite ignored="0" hostname="Pauus-PC" failures="0" tests="8" name="Test" time="0.034" errors="0" timestamp="29 Dec 2018 20:19:44 GMT">
  <testcase classname="com.learnmaven.test.FirstMavenTestCase" name="A" time="0.007"/>
  <testcase classname="com.learnmaven.test.FirstMavenTestCase" name="B" time="0.0"/>
  <testcase classname="com.learnmaven.test.FirstMavenTestCase" name="C" time="0.001"/>
  <testcase classname="com.learnmaven.test.FirstMavenTestCase" name="D" time="0.0"/>
  <testcase classname="com.learnmaven.test.SecondMavenTestCase" name="E" time="0.0"/>
  <testcase classname="com.learnmaven.test.SecondMavenTestCase" name="F" time="0.0"/>
  <testcase classname="com.learnmaven.test.SecondMavenTestCase" name="G" time="0.0"/>
  <testcase classname="com.learnmaven.test.SecondMavenTestCase" name="H" time="0.0"/>
</testsuite> <!-- Test -->
