<?xml version="1.0" encoding="UTF-8"?>
<testng-results ignored="0" total="8" passed="8" failed="0" skipped="0">
  <reporter-output>
  </reporter-output>
  <suite started-at="2018-12-29T20:19:44Z" name="Suite" finished-at="2018-12-29T20:19:44Z" duration-ms="34">
    <groups>
    </groups>
    <test started-at="2018-12-29T20:19:44Z" name="Test" finished-at="2018-12-29T20:19:44Z" duration-ms="34">
      <class name="com.learnmaven.test.FirstMavenTestCase">
        <test-method signature="A()[pri:0, instance:com.learnmaven.test.FirstMavenTestCase@43195e57]" started-at="2018-12-29T20:19:44Z" name="A" finished-at="2018-12-29T20:19:44Z" duration-ms="7" status="PASS">
          <reporter-output>
          </reporter-output>
        </test-method> <!-- A -->
        <test-method signature="B()[pri:0, instance:com.learnmaven.test.FirstMavenTestCase@43195e57]" started-at="2018-12-29T20:19:44Z" name="B" finished-at="2018-12-29T20:19:44Z" duration-ms="0" status="PASS">
          <reporter-output>
          </reporter-output>
        </test-method> <!-- B -->
        <test-method signature="C()[pri:0, instance:com.learnmaven.test.FirstMavenTestCase@43195e57]" started-at="2018-12-29T20:19:44Z" name="C" finished-at="2018-12-29T20:19:44Z" duration-ms="1" status="PASS">
          <reporter-output>
          </reporter-output>
        </test-method> <!-- C -->
        <test-method signature="D()[pri:0, instance:com.learnmaven.test.FirstMavenTestCase@43195e57]" started-at="2018-12-29T20:19:44Z" name="D" finished-at="2018-12-29T20:19:44Z" duration-ms="0" status="PASS">
          <reporter-output>
          </reporter-output>
        </test-method> <!-- D -->
      </class> <!-- com.learnmaven.test.FirstMavenTestCase -->
      <class name="com.learnmaven.test.SecondMavenTestCase">
        <test-method signature="E()[pri:0, instance:com.learnmaven.test.SecondMavenTestCase@333291e3]" started-at="2018-12-29T20:19:44Z" name="E" finished-at="2018-12-29T20:19:44Z" duration-ms="0" status="PASS">
          <reporter-output>
          </reporter-output>
        </test-method> <!-- E -->
        <test-method signature="F()[pri:0, instance:com.learnmaven.test.SecondMavenTestCase@333291e3]" started-at="2018-12-29T20:19:44Z" name="F" finished-at="2018-12-29T20:19:44Z" duration-ms="0" status="PASS">
          <reporter-output>
          </reporter-output>
        </test-method> <!-- F -->
        <test-method signature="G()[pri:0, instance:com.learnmaven.test.SecondMavenTestCase@333291e3]" started-at="2018-12-29T20:19:44Z" name="G" finished-at="2018-12-29T20:19:44Z" duration-ms="0" status="PASS">
          <reporter-output>
          </reporter-output>
        </test-method> <!-- G -->
        <test-method signature="H()[pri:0, instance:com.learnmaven.test.SecondMavenTestCase@333291e3]" started-at="2018-12-29T20:19:44Z" name="H" finished-at="2018-12-29T20:19:44Z" duration-ms="0" status="PASS">
          <reporter-output>
          </reporter-output>
        </test-method> <!-- H -->
      </class> <!-- com.learnmaven.test.SecondMavenTestCase -->
    </test> <!-- Test -->
  </suite> <!-- Suite -->
</testng-results>
