<?xml version="1.0" encoding="UTF-8"?>
<testsuite name="TestSuite" time="0.011" tests="8" errors="0" skipped="0" failures="0">
  <properties>
[...]
</properties>
  <testcase name="A" classname="com.learnmaven.test.FirstMavenTestCase" time="0.008"/>
  <testcase name="B" classname="com.learnmaven.test.FirstMavenTestCase" time="0.001"/>
  <testcase name="C" classname="com.learnmaven.test.FirstMavenTestCase" time="0"/>
  <testcase name="D" classname="com.learnmaven.test.FirstMavenTestCase" time="0"/>
  <testcase name="E" classname="com.learnmaven.test.SecondMavenTestCase" time="0.001"/>
  <testcase name="F" classname="com.learnmaven.test.SecondMavenTestCase" time="0"/>
  <testcase name="G" classname="com.learnmaven.test.SecondMavenTestCase" time="0.001"/>
  <testcase name="H" classname="com.learnmaven.test.SecondMavenTestCase" time="0"/>
</testsuite>